Started by user [8mha:////4C/wS0MbZ+caEp/L61M4cvKV9CxC8Dt+Be05lCbDAiSNAAAAlx+LCAAAAAAAAP9b85aBtbiIQTGjNKU4P08vOT+vOD8nVc83PyU1x6OyILUoJzMv2y+/JJUBAhiZGBgqihhk0NSjKDWzXb3RdlLBUSYGJk8GtpzUvPSSDB8G5tKinBIGIZ+sxLJE/ZzEvHT94JKizLx0a6BxUmjGOUNodHsLgAzWEgZu/dLi1CL9xJTczDwAj6GcLcAAAAA=[0madmin
Running as SYSTEM
Building in workspace /opt/jenkins/.jenkins/workspace/maven
Using checkout strategy: Default
Last Built Revision: Revision 5a479dbaf112d3bafa419538f378baa39740a7a7 (refs/remotes/origin/kshevchenko)
No credentials specified
 > git rev-parse --is-inside-work-tree # timeout=10
Fetching changes from the remote Git repository
 > git config remote.origin.url https://github.com/MNT-Lab/build-t00ls.git # timeout=10
Fetching upstream changes from https://github.com/MNT-Lab/build-t00ls.git
 > git --version # timeout=10
 > git fetch --tags --progress https://github.com/MNT-Lab/build-t00ls.git +refs/heads/*:refs/remotes/origin/*
getCandidateRevisions(false,origin/kshevchenko,,,hudson.plugins.git.util.BuildData@e120880[scmName=<null>,remoteUrls=[https://github.com/MNT-Lab/build-t00ls.git],buildsByBranchName={refs/remotes/origin/kshevchenko=Build #4 of Revision 5a479dbaf112d3bafa419538f378baa39740a7a7 (refs/remotes/origin/kshevchenko)},lastBuild=Build #4 of Revision 5a479dbaf112d3bafa419538f378baa39740a7a7 (refs/remotes/origin/kshevchenko)]) considering branches to build
Qualifying origin/kshevchenko as a branch in repository origin -> refs/remotes/origin/kshevchenko
Qualifying origin/kshevchenko as a branch in repository origin -> refs/remotes/origin/origin/kshevchenko
 > git rev-parse refs/remotes/origin/kshevchenko^{commit} # timeout=10
rev-parse refs/remotes/origin/kshevchenko -> AnyObjectId[5a479dbaf112d3bafa419538f378baa39740a7a7]
Found a new commit AnyObjectId[5a479dbaf112d3bafa419538f378baa39740a7a7] to be built on refs/remotes/origin/kshevchenko
 > git rev-parse refs/remotes/origin/origin/kshevchenko^{commit} # timeout=10
Failed to rev-parse: refs/remotes/origin/origin/kshevchenko
Checking out Revision 5a479dbaf112d3bafa419538f378baa39740a7a7 (refs/remotes/origin/kshevchenko)
 > git config core.sparsecheckout # timeout=10
 > git checkout -f 5a479dbaf112d3bafa419538f378baa39740a7a7
Commit message: "pom.xml - add plugin section"
 > git rev-list --no-walk 5a479dbaf112d3bafa419538f378baa39740a7a7 # timeout=10
[maven] $ /opt/maven/bin/mvn
[INFO] Scanning for projects...
[INFO] ------------------------------------------------------------------------
[INFO] BUILD FAILURE
[INFO] ------------------------------------------------------------------------
[INFO] Total time:  0.064 s
[INFO] Finished at: 2019-07-29T12:38:51Z
[INFO] ------------------------------------------------------------------------
[8mha:////4DOiuFfby5Nmvf77NX6OvDTKhAvk1eqThC5Cv1SJPM+jAAAAYB+LCAAAAAAAAP9b85aBtbiIQSmjNKU4P0+vJLE4u1gvPjexLDVPzxdEuhYV5Rf55ZekOlc7RKnPKH7IxMBQUcQgBdWQnJ9XnJ+TqucMoUEKGSCAEaSwAACsNFCqYAAAAA==[0m[ERROR] No goals have been specified for this build. You must specify a valid lifecycle phase or a goal in the format <plugin-prefix>:<goal> or <plugin-group-id>:<plugin-artifact-id>[:<plugin-version>]:<goal>. Available lifecycle phases are: validate, initialize, generate-sources, process-sources, generate-resources, process-resources, compile, process-classes, generate-test-sources, process-test-sources, generate-test-resources, process-test-resources, test-compile, process-test-classes, test, prepare-package, package, pre-integration-test, integration-test, post-integration-test, verify, install, deploy, pre-clean, clean, post-clean, pre-site, site, post-site, site-deploy. -> [Help 1]
[8mha:////4DOiuFfby5Nmvf77NX6OvDTKhAvk1eqThC5Cv1SJPM+jAAAAYB+LCAAAAAAAAP9b85aBtbiIQSmjNKU4P0+vJLE4u1gvPjexLDVPzxdEuhYV5Rf55ZekOlc7RKnPKH7IxMBQUcQgBdWQnJ9XnJ+TqucMoUEKGSCAEaSwAACsNFCqYAAAAA==[0m[ERROR] 
[8mha:////4DOiuFfby5Nmvf77NX6OvDTKhAvk1eqThC5Cv1SJPM+jAAAAYB+LCAAAAAAAAP9b85aBtbiIQSmjNKU4P0+vJLE4u1gvPjexLDVPzxdEuhYV5Rf55ZekOlc7RKnPKH7IxMBQUcQgBdWQnJ9XnJ+TqucMoUEKGSCAEaSwAACsNFCqYAAAAA==[0m[ERROR] To see the full stack trace of the errors, re-run Maven with the -e switch.
[8mha:////4DOiuFfby5Nmvf77NX6OvDTKhAvk1eqThC5Cv1SJPM+jAAAAYB+LCAAAAAAAAP9b85aBtbiIQSmjNKU4P0+vJLE4u1gvPjexLDVPzxdEuhYV5Rf55ZekOlc7RKnPKH7IxMBQUcQgBdWQnJ9XnJ+TqucMoUEKGSCAEaSwAACsNFCqYAAAAA==[0m[ERROR] Re-run Maven using the -X switch to enable full debug logging.
[8mha:////4DOiuFfby5Nmvf77NX6OvDTKhAvk1eqThC5Cv1SJPM+jAAAAYB+LCAAAAAAAAP9b85aBtbiIQSmjNKU4P0+vJLE4u1gvPjexLDVPzxdEuhYV5Rf55ZekOlc7RKnPKH7IxMBQUcQgBdWQnJ9XnJ+TqucMoUEKGSCAEaSwAACsNFCqYAAAAA==[0m[ERROR] 
[8mha:////4DOiuFfby5Nmvf77NX6OvDTKhAvk1eqThC5Cv1SJPM+jAAAAYB+LCAAAAAAAAP9b85aBtbiIQSmjNKU4P0+vJLE4u1gvPjexLDVPzxdEuhYV5Rf55ZekOlc7RKnPKH7IxMBQUcQgBdWQnJ9XnJ+TqucMoUEKGSCAEaSwAACsNFCqYAAAAA==[0m[ERROR] For more information about the errors and possible solutions, please read the following articles:
[8mha:////4DOiuFfby5Nmvf77NX6OvDTKhAvk1eqThC5Cv1SJPM+jAAAAYB+LCAAAAAAAAP9b85aBtbiIQSmjNKU4P0+vJLE4u1gvPjexLDVPzxdEuhYV5Rf55ZekOlc7RKnPKH7IxMBQUcQgBdWQnJ9XnJ+TqucMoUEKGSCAEaSwAACsNFCqYAAAAA==[0m[ERROR] [Help 1] http://cwiki.apache.org/confluence/display/MAVEN/NoGoalSpecifiedException
Build step 'Invoke top-level Maven targets' marked build as failure
ERROR: Step â€˜Archive the artifactsâ€™ failed: No artifacts are configured for archiving.
You probably forgot to set the file pattern, so please go back to the configuration and specify it.
If you really did mean to archive all the files in the workspace, please specify "**"
Finished: FAILURE
