Started by user [8mha:////4C/wS0MbZ+caEp/L61M4cvKV9CxC8Dt+Be05lCbDAiSNAAAAlx+LCAAAAAAAAP9b85aBtbiIQTGjNKU4P08vOT+vOD8nVc83PyU1x6OyILUoJzMv2y+/JJUBAhiZGBgqihhk0NSjKDWzXb3RdlLBUSYGJk8GtpzUvPSSDB8G5tKinBIGIZ+sxLJE/ZzEvHT94JKizLx0a6BxUmjGOUNodHsLgAzWEgZu/dLi1CL9xJTczDwAj6GcLcAAAAA=[0madmin
Running as SYSTEM
Building in workspace /opt/jenkins/.jenkins/workspace/maven
Using checkout strategy: Default
Last Built Revision: Revision e0f381e87ad1402b56720709233c0b3f843d9fdd (refs/remotes/origin/kshevchenko)
No credentials specified
 > git rev-parse --is-inside-work-tree # timeout=10
Fetching changes from the remote Git repository
 > git config remote.origin.url https://github.com/MNT-Lab/build-t00ls.git # timeout=10
Fetching upstream changes from https://github.com/MNT-Lab/build-t00ls.git
 > git --version # timeout=10
 > git fetch --tags --progress https://github.com/MNT-Lab/build-t00ls.git +refs/heads/*:refs/remotes/origin/*
getCandidateRevisions(false,origin/kshevchenko,,,hudson.plugins.git.util.BuildData@dad4aa50[scmName=<null>,remoteUrls=[https://github.com/MNT-Lab/build-t00ls.git],buildsByBranchName={refs/remotes/origin/kshevchenko=Build #13 of Revision e0f381e87ad1402b56720709233c0b3f843d9fdd (refs/remotes/origin/kshevchenko)},lastBuild=Build #13 of Revision e0f381e87ad1402b56720709233c0b3f843d9fdd (refs/remotes/origin/kshevchenko)]) considering branches to build
Qualifying origin/kshevchenko as a branch in repository origin -> refs/remotes/origin/kshevchenko
Qualifying origin/kshevchenko as a branch in repository origin -> refs/remotes/origin/origin/kshevchenko
 > git rev-parse refs/remotes/origin/kshevchenko^{commit} # timeout=10
rev-parse refs/remotes/origin/kshevchenko -> AnyObjectId[a83bff97cd3fd09ab2966d01d9e38648aede4aa4]
Found a new commit AnyObjectId[a83bff97cd3fd09ab2966d01d9e38648aede4aa4] to be built on refs/remotes/origin/kshevchenko
 > git rev-parse refs/remotes/origin/origin/kshevchenko^{commit} # timeout=10
Failed to rev-parse: refs/remotes/origin/origin/kshevchenko
Checking out Revision a83bff97cd3fd09ab2966d01d9e38648aede4aa4 (refs/remotes/origin/kshevchenko)
 > git config core.sparsecheckout # timeout=10
 > git checkout -f a83bff97cd3fd09ab2966d01d9e38648aede4aa4
Commit message: "MNT-CD-4 unit 5 + custumartefact"
 > git rev-list --no-walk e0f381e87ad1402b56720709233c0b3f843d9fdd # timeout=10
[maven] $ /opt/maven/bin/mvn -f home-task/pom.xml
[INFO] Scanning for projects...
[INFO] 
[INFO] ---------------------< com.project.app:my-project >---------------------
[INFO] Building my-project 1.0-SNAPSHOT
[INFO] --------------------------------[ jar ]---------------------------------
[INFO] 
[8mha:////4ARoDY5MumtTEXJdEvTcYsJqQlXi2/ccPERQwklkPdXcAAAAYB+LCAAAAAAAAP9b85aBtbiIQSmjNKU4P0+vJLE4u1gvPjexLDVPzxdEGvvmZ+X75ZekLlOVfvTjc8FPJgaGiiIGKaiG5Py84vycVD1nCA1SyAABjCCFBQCV27OjYAAAAA==[0m[INFO] --- maven-resources-plugin:2.6:resources (default-resources) @ my-project ---
[8mha:////4F6niKapYwmuO5yxELOw05jMRyEcCtCzB7wtWUy05dmkAAAAYx+LCAAAAAAAAP9b85aBtbiIQSWjNKU4P0+vJLE4u1gvPjexLDVPzxdEhicW5WXmpfvll6S2fNly5fzGzauYGBgqihikoFqS8/OK83NS9ZwhNEghAwQwghQWAACwxA+XYgAAAA==[0m[WARNING] Using platform encoding (UTF-8 actually) to copy filtered resources, i.e. build is platform dependent!
[INFO] Copying 1 resource
[INFO] 
[8mha:////4ARoDY5MumtTEXJdEvTcYsJqQlXi2/ccPERQwklkPdXcAAAAYB+LCAAAAAAAAP9b85aBtbiIQSmjNKU4P0+vJLE4u1gvPjexLDVPzxdEGvvmZ+X75ZekLlOVfvTjc8FPJgaGiiIGKaiG5Py84vycVD1nCA1SyAABjCCFBQCV27OjYAAAAA==[0m[INFO] --- maven-compiler-plugin:3.6.1:compile (default-compile) @ my-project ---
[INFO] Changes detected - recompiling the module!
[8mha:////4F6niKapYwmuO5yxELOw05jMRyEcCtCzB7wtWUy05dmkAAAAYx+LCAAAAAAAAP9b85aBtbiIQSWjNKU4P0+vJLE4u1gvPjexLDVPzxdEhicW5WXmpfvll6S2fNly5fzGzauYGBgqihikoFqS8/OK83NS9ZwhNEghAwQwghQWAACwxA+XYgAAAA==[0m[WARNING] File encoding has not been set, using platform encoding UTF-8, i.e. build is platform dependent!
[INFO] Compiling 1 source file to /opt/jenkins/.jenkins/workspace/maven/home-task/target/classes
[INFO] -------------------------------------------------------------
[8mha:////4DOiuFfby5Nmvf77NX6OvDTKhAvk1eqThC5Cv1SJPM+jAAAAYB+LCAAAAAAAAP9b85aBtbiIQSmjNKU4P0+vJLE4u1gvPjexLDVPzxdEuhYV5Rf55ZekOlc7RKnPKH7IxMBQUcQgBdWQnJ9XnJ+TqucMoUEKGSCAEaSwAACsNFCqYAAAAA==[0m[ERROR] COMPILATION ERROR : 
[INFO] -------------------------------------------------------------
[8mha:////4DOiuFfby5Nmvf77NX6OvDTKhAvk1eqThC5Cv1SJPM+jAAAAYB+LCAAAAAAAAP9b85aBtbiIQSmjNKU4P0+vJLE4u1gvPjexLDVPzxdEuhYV5Rf55ZekOlc7RKnPKH7IxMBQUcQgBdWQnJ9XnJ+TqucMoUEKGSCAEaSwAACsNFCqYAAAAA==[0m[ERROR] /opt/jenkins/.jenkins/workspace/maven/home-task/src/main/java/com/test/Project.java:[3,38] package org.apache.commons.collections does not exist
[8mha:////4DOiuFfby5Nmvf77NX6OvDTKhAvk1eqThC5Cv1SJPM+jAAAAYB+LCAAAAAAAAP9b85aBtbiIQSmjNKU4P0+vJLE4u1gvPjexLDVPzxdEuhYV5Rf55ZekOlc7RKnPKH7IxMBQUcQgBdWQnJ9XnJ+TqucMoUEKGSCAEaSwAACsNFCqYAAAAA==[0m[ERROR] /opt/jenkins/.jenkins/workspace/maven/home-task/src/main/java/com/test/Project.java:[4,24] package org.apache.log4j does not exist
[INFO] 2 errors 
[INFO] -------------------------------------------------------------
[INFO] ------------------------------------------------------------------------
[INFO] BUILD FAILURE
[INFO] ------------------------------------------------------------------------
[INFO] Total time:  8.961 s
[INFO] Finished at: 2019-07-29T18:45:18Z
[INFO] ------------------------------------------------------------------------
[8mha:////4DOiuFfby5Nmvf77NX6OvDTKhAvk1eqThC5Cv1SJPM+jAAAAYB+LCAAAAAAAAP9b85aBtbiIQSmjNKU4P0+vJLE4u1gvPjexLDVPzxdEuhYV5Rf55ZekOlc7RKnPKH7IxMBQUcQgBdWQnJ9XnJ+TqucMoUEKGSCAEaSwAACsNFCqYAAAAA==[0m[ERROR] Failed to execute goal org.apache.maven.plugins:maven-compiler-plugin:3.6.1:compile (default-compile) on project my-project: Compilation failure: Compilation failure: 
[8mha:////4DOiuFfby5Nmvf77NX6OvDTKhAvk1eqThC5Cv1SJPM+jAAAAYB+LCAAAAAAAAP9b85aBtbiIQSmjNKU4P0+vJLE4u1gvPjexLDVPzxdEuhYV5Rf55ZekOlc7RKnPKH7IxMBQUcQgBdWQnJ9XnJ+TqucMoUEKGSCAEaSwAACsNFCqYAAAAA==[0m[ERROR] /opt/jenkins/.jenkins/workspace/maven/home-task/src/main/java/com/test/Project.java:[3,38] package org.apache.commons.collections does not exist
[8mha:////4DOiuFfby5Nmvf77NX6OvDTKhAvk1eqThC5Cv1SJPM+jAAAAYB+LCAAAAAAAAP9b85aBtbiIQSmjNKU4P0+vJLE4u1gvPjexLDVPzxdEuhYV5Rf55ZekOlc7RKnPKH7IxMBQUcQgBdWQnJ9XnJ+TqucMoUEKGSCAEaSwAACsNFCqYAAAAA==[0m[ERROR] /opt/jenkins/.jenkins/workspace/maven/home-task/src/main/java/com/test/Project.java:[4,24] package org.apache.log4j does not exist
[8mha:////4DOiuFfby5Nmvf77NX6OvDTKhAvk1eqThC5Cv1SJPM+jAAAAYB+LCAAAAAAAAP9b85aBtbiIQSmjNKU4P0+vJLE4u1gvPjexLDVPzxdEuhYV5Rf55ZekOlc7RKnPKH7IxMBQUcQgBdWQnJ9XnJ+TqucMoUEKGSCAEaSwAACsNFCqYAAAAA==[0m[ERROR] -> [Help 1]
[8mha:////4DOiuFfby5Nmvf77NX6OvDTKhAvk1eqThC5Cv1SJPM+jAAAAYB+LCAAAAAAAAP9b85aBtbiIQSmjNKU4P0+vJLE4u1gvPjexLDVPzxdEuhYV5Rf55ZekOlc7RKnPKH7IxMBQUcQgBdWQnJ9XnJ+TqucMoUEKGSCAEaSwAACsNFCqYAAAAA==[0m[ERROR] 
[8mha:////4DOiuFfby5Nmvf77NX6OvDTKhAvk1eqThC5Cv1SJPM+jAAAAYB+LCAAAAAAAAP9b85aBtbiIQSmjNKU4P0+vJLE4u1gvPjexLDVPzxdEuhYV5Rf55ZekOlc7RKnPKH7IxMBQUcQgBdWQnJ9XnJ+TqucMoUEKGSCAEaSwAACsNFCqYAAAAA==[0m[ERROR] To see the full stack trace of the errors, re-run Maven with the -e switch.
[8mha:////4DOiuFfby5Nmvf77NX6OvDTKhAvk1eqThC5Cv1SJPM+jAAAAYB+LCAAAAAAAAP9b85aBtbiIQSmjNKU4P0+vJLE4u1gvPjexLDVPzxdEuhYV5Rf55ZekOlc7RKnPKH7IxMBQUcQgBdWQnJ9XnJ+TqucMoUEKGSCAEaSwAACsNFCqYAAAAA==[0m[ERROR] Re-run Maven using the -X switch to enable full debug logging.
[8mha:////4DOiuFfby5Nmvf77NX6OvDTKhAvk1eqThC5Cv1SJPM+jAAAAYB+LCAAAAAAAAP9b85aBtbiIQSmjNKU4P0+vJLE4u1gvPjexLDVPzxdEuhYV5Rf55ZekOlc7RKnPKH7IxMBQUcQgBdWQnJ9XnJ+TqucMoUEKGSCAEaSwAACsNFCqYAAAAA==[0m[ERROR] 
[8mha:////4DOiuFfby5Nmvf77NX6OvDTKhAvk1eqThC5Cv1SJPM+jAAAAYB+LCAAAAAAAAP9b85aBtbiIQSmjNKU4P0+vJLE4u1gvPjexLDVPzxdEuhYV5Rf55ZekOlc7RKnPKH7IxMBQUcQgBdWQnJ9XnJ+TqucMoUEKGSCAEaSwAACsNFCqYAAAAA==[0m[ERROR] For more information about the errors and possible solutions, please read the following articles:
[8mha:////4DOiuFfby5Nmvf77NX6OvDTKhAvk1eqThC5Cv1SJPM+jAAAAYB+LCAAAAAAAAP9b85aBtbiIQSmjNKU4P0+vJLE4u1gvPjexLDVPzxdEuhYV5Rf55ZekOlc7RKnPKH7IxMBQUcQgBdWQnJ9XnJ+TqucMoUEKGSCAEaSwAACsNFCqYAAAAA==[0m[ERROR] [Help 1] http://cwiki.apache.org/confluence/display/MAVEN/MojoFailureException
Build step 'Invoke top-level Maven targets' marked build as failure
Skipped archiving because build is not successful
Finished: FAILURE
